[0.010s] Invoking command in '/home/ak/ros2_ws/build/turtle_shapes': CMAKE_PREFIX_PATH=${CMAKE_PREFIX_PATH}:/opt/ros/humble /usr/bin/cmake --build /home/ak/ros2_ws/build/turtle_shapes -- -j4 -l4
[0.038s] [35m[1mConsolidate compiler generated dependencies of target turtle_shapes_node[0m
[0.050s] [ 50%] [32mBuilding CXX object CMakeFiles/turtle_shapes_node.dir/src/turtle_shapes_node.cpp.o[0m
[2.672s] [100%] [32m[1mLinking CXX executable turtle_shapes_node[0m
[2.790s] [100%] Built target turtle_shapes_node
[2.797s] Invoked command in '/home/ak/ros2_ws/build/turtle_shapes' returned '0': CMAKE_PREFIX_PATH=${CMAKE_PREFIX_PATH}:/opt/ros/humble /usr/bin/cmake --build /home/ak/ros2_ws/build/turtle_shapes -- -j4 -l4
[2.825s] Invoking command in '/home/ak/ros2_ws/build/turtle_shapes': CMAKE_PREFIX_PATH=${CMAKE_PREFIX_PATH}:/opt/ros/humble /usr/bin/cmake --install /home/ak/ros2_ws/build/turtle_shapes
[2.828s] -- Install configuration: ""
[2.828s] -- Installing: /home/ak/ros2_ws/install/turtle_shapes/lib/turtle_shapes/turtle_shapes_node
[2.834s] -- Set runtime path of "/home/ak/ros2_ws/install/turtle_shapes/lib/turtle_shapes/turtle_shapes_node" to ""
[2.834s] -- Up-to-date: /home/ak/ros2_ws/install/turtle_shapes/share/ament_index/resource_index/package_run_dependencies/turtle_shapes
[2.834s] -- Up-to-date: /home/ak/ros2_ws/install/turtle_shapes/share/ament_index/resource_index/parent_prefix_path/turtle_shapes
[2.834s] -- Up-to-date: /home/ak/ros2_ws/install/turtle_shapes/share/turtle_shapes/environment/ament_prefix_path.sh
[2.834s] -- Up-to-date: /home/ak/ros2_ws/install/turtle_shapes/share/turtle_shapes/environment/ament_prefix_path.dsv
[2.835s] -- Up-to-date: /home/ak/ros2_ws/install/turtle_shapes/share/turtle_shapes/environment/path.sh
[2.835s] -- Up-to-date: /home/ak/ros2_ws/install/turtle_shapes/share/turtle_shapes/environment/path.dsv
[2.835s] -- Up-to-date: /home/ak/ros2_ws/install/turtle_shapes/share/turtle_shapes/local_setup.bash
[2.835s] -- Up-to-date: /home/ak/ros2_ws/install/turtle_shapes/share/turtle_shapes/local_setup.sh
[2.835s] -- Up-to-date: /home/ak/ros2_ws/install/turtle_shapes/share/turtle_shapes/local_setup.zsh
[2.836s] -- Up-to-date: /home/ak/ros2_ws/install/turtle_shapes/share/turtle_shapes/local_setup.dsv
[2.836s] -- Installing: /home/ak/ros2_ws/install/turtle_shapes/share/turtle_shapes/package.dsv
[2.836s] -- Up-to-date: /home/ak/ros2_ws/install/turtle_shapes/share/ament_index/resource_index/packages/turtle_shapes
[2.836s] -- Up-to-date: /home/ak/ros2_ws/install/turtle_shapes/share/turtle_shapes/cmake/turtle_shapesConfig.cmake
[2.836s] -- Up-to-date: /home/ak/ros2_ws/install/turtle_shapes/share/turtle_shapes/cmake/turtle_shapesConfig-version.cmake
[2.836s] -- Up-to-date: /home/ak/ros2_ws/install/turtle_shapes/share/turtle_shapes/package.xml
[2.838s] Invoked command in '/home/ak/ros2_ws/build/turtle_shapes' returned '0': CMAKE_PREFIX_PATH=${CMAKE_PREFIX_PATH}:/opt/ros/humble /usr/bin/cmake --install /home/ak/ros2_ws/build/turtle_shapes
