[0.009s] Invoking command in '/home/ak/ros2_ws/build/circle_turtle': CMAKE_PREFIX_PATH=/opt/ros/humble /usr/bin/cmake /home/ak/ros2_ws/src/circle_turtle -DCMAKE_INSTALL_PREFIX=/home/ak/ros2_ws/install/circle_turtle
[0.129s] -- The C compiler identification is GNU 11.4.0
[0.204s] -- The CXX compiler identification is GNU 11.4.0
[0.217s] -- Detecting C compiler ABI info
[0.271s] -- Detecting C compiler ABI info - done
[0.275s] -- Check for working C compiler: /usr/bin/cc - skipped
[0.275s] -- Detecting C compile features
[0.276s] -- Detecting C compile features - done
[0.282s] -- Detecting CXX compiler ABI info
[0.331s] -- Detecting CXX compiler ABI info - done
[0.334s] -- Check for working CXX compiler: /usr/bin/c++ - skipped
[0.334s] -- Detecting CXX compile features
[0.335s] -- Detecting CXX compile features - done
[0.347s] -- Found ament_cmake: 1.3.10 (/opt/ros/humble/share/ament_cmake/cmake)
[0.444s] -- Found Python3: /usr/bin/python3 (found version "3.10.12") found components: Interpreter 
[0.527s] -- Found rclcpp: 16.0.10 (/opt/ros/humble/share/rclcpp/cmake)
[0.572s] -- Found rosidl_generator_c: 3.1.5 (/opt/ros/humble/share/rosidl_generator_c/cmake)
[0.577s] -- Found rosidl_adapter: 3.1.5 (/opt/ros/humble/share/rosidl_adapter/cmake)
[0.586s] -- Found rosidl_generator_cpp: 3.1.5 (/opt/ros/humble/share/rosidl_generator_cpp/cmake)
[0.602s] -- Using all available rosidl_typesupport_c: rosidl_typesupport_fastrtps_c;rosidl_typesupport_introspection_c
[0.619s] -- Using all available rosidl_typesupport_cpp: rosidl_typesupport_fastrtps_cpp;rosidl_typesupport_introspection_cpp
[0.666s] -- Found rmw_implementation_cmake: 6.1.2 (/opt/ros/humble/share/rmw_implementation_cmake/cmake)
[0.669s] -- Found rmw_fastrtps_cpp: 6.2.7 (/opt/ros/humble/share/rmw_fastrtps_cpp/cmake)
[0.733s] -- Found OpenSSL: /usr/lib/x86_64-linux-gnu/libcrypto.so (found version "3.0.2")  
[0.751s] -- Found FastRTPS: /opt/ros/humble/include  
[0.779s] -- Using RMW implementation 'rmw_fastrtps_cpp' as default
[0.783s] -- Looking for pthread.h
[0.829s] -- Looking for pthread.h - found
[0.830s] -- Performing Test CMAKE_HAVE_LIBC_PTHREAD
[0.875s] -- Performing Test CMAKE_HAVE_LIBC_PTHREAD - Success
[0.876s] -- Found Threads: TRUE  
[0.932s] -- Found geometry_msgs: 4.2.4 (/opt/ros/humble/share/geometry_msgs/cmake)
[0.949s] -- Found ament_lint_auto: 0.12.11 (/opt/ros/humble/share/ament_lint_auto/cmake)
[1.006s] -- Added test 'cppcheck' to perform static code analysis on C / C++ code
[1.006s] -- Configured cppcheck include dirs: 
[1.006s] -- Configured cppcheck exclude dirs and/or files: 
[1.008s] -- Added test 'lint_cmake' to check CMake code style
[1.010s] -- Added test 'uncrustify' to check C / C++ code style
[1.010s] -- Configured uncrustify additional arguments: 
[1.010s] -- Added test 'xmllint' to check XML markup files
[1.011s] -- Configuring done
[1.017s] -- Generating done
[1.018s] -- Build files have been written to: /home/ak/ros2_ws/build/circle_turtle
[1.024s] Invoked command in '/home/ak/ros2_ws/build/circle_turtle' returned '0': CMAKE_PREFIX_PATH=/opt/ros/humble /usr/bin/cmake /home/ak/ros2_ws/src/circle_turtle -DCMAKE_INSTALL_PREFIX=/home/ak/ros2_ws/install/circle_turtle
[1.026s] Invoking command in '/home/ak/ros2_ws/build/circle_turtle': CMAKE_PREFIX_PATH=/opt/ros/humble /usr/bin/cmake --build /home/ak/ros2_ws/build/circle_turtle -- -j4 -l4
[1.063s] [ 50%] [32mBuilding CXX object CMakeFiles/circle_node.dir/src/circle.cpp.o[0m
[4.166s] [100%] [32m[1mLinking CXX executable circle_node[0m
[4.328s] [100%] Built target circle_node
[4.345s] Invoked command in '/home/ak/ros2_ws/build/circle_turtle' returned '0': CMAKE_PREFIX_PATH=/opt/ros/humble /usr/bin/cmake --build /home/ak/ros2_ws/build/circle_turtle -- -j4 -l4
[4.365s] Invoking command in '/home/ak/ros2_ws/build/circle_turtle': CMAKE_PREFIX_PATH=/opt/ros/humble /usr/bin/cmake --install /home/ak/ros2_ws/build/circle_turtle
[4.376s] -- Install configuration: ""
[4.376s] -- Installing: /home/ak/ros2_ws/install/circle_turtle/lib/circle_turtle/circle_node
[4.376s] -- Set runtime path of "/home/ak/ros2_ws/install/circle_turtle/lib/circle_turtle/circle_node" to ""
[4.376s] -- Installing: /home/ak/ros2_ws/install/circle_turtle/share/ament_index/resource_index/package_run_dependencies/circle_turtle
[4.376s] -- Installing: /home/ak/ros2_ws/install/circle_turtle/share/ament_index/resource_index/parent_prefix_path/circle_turtle
[4.376s] -- Installing: /home/ak/ros2_ws/install/circle_turtle/share/circle_turtle/environment/ament_prefix_path.sh
[4.376s] -- Installing: /home/ak/ros2_ws/install/circle_turtle/share/circle_turtle/environment/ament_prefix_path.dsv
[4.376s] -- Installing: /home/ak/ros2_ws/install/circle_turtle/share/circle_turtle/environment/path.sh
[4.376s] -- Installing: /home/ak/ros2_ws/install/circle_turtle/share/circle_turtle/environment/path.dsv
[4.376s] -- Installing: /home/ak/ros2_ws/install/circle_turtle/share/circle_turtle/local_setup.bash
[4.376s] -- Installing: /home/ak/ros2_ws/install/circle_turtle/share/circle_turtle/local_setup.sh
[4.376s] -- Installing: /home/ak/ros2_ws/install/circle_turtle/share/circle_turtle/local_setup.zsh
[4.376s] -- Installing: /home/ak/ros2_ws/install/circle_turtle/share/circle_turtle/local_setup.dsv
[4.376s] -- Installing: /home/ak/ros2_ws/install/circle_turtle/share/circle_turtle/package.dsv
[4.376s] -- Installing: /home/ak/ros2_ws/install/circle_turtle/share/ament_index/resource_index/packages/circle_turtle
[4.376s] -- Installing: /home/ak/ros2_ws/install/circle_turtle/share/circle_turtle/cmake/circle_turtleConfig.cmake
[4.376s] -- Installing: /home/ak/ros2_ws/install/circle_turtle/share/circle_turtle/cmake/circle_turtleConfig-version.cmake
[4.376s] -- Installing: /home/ak/ros2_ws/install/circle_turtle/share/circle_turtle/package.xml
[4.379s] Invoked command in '/home/ak/ros2_ws/build/circle_turtle' returned '0': CMAKE_PREFIX_PATH=/opt/ros/humble /usr/bin/cmake --install /home/ak/ros2_ws/build/circle_turtle
