[0.008s] Invoking command in '/home/ak/ros2_ws/build/turtle_shapes': CMAKE_PREFIX_PATH=${CMAKE_PREFIX_PATH}:/opt/ros/humble /usr/bin/cmake /home/ak/ros2_ws/turtle_shapes -DCMAKE_INSTALL_PREFIX=/home/ak/ros2_ws/install/turtle_shapes
[0.049s] -- The C compiler identification is GNU 11.4.0
[0.082s] -- The CXX compiler identification is GNU 11.4.0
[0.087s] -- Detecting C compiler ABI info
[0.130s] -- Detecting C compiler ABI info - done
[0.133s] -- Check for working C compiler: /usr/bin/cc - skipped
[0.134s] -- Detecting C compile features
[0.134s] -- Detecting C compile features - done
[0.136s] -- Detecting CXX compiler ABI info
[0.181s] -- Detecting CXX compiler ABI info - done
[0.185s] -- Check for working CXX compiler: /usr/bin/c++ - skipped
[0.185s] -- Detecting CXX compile features
[0.186s] -- Detecting CXX compile features - done
[0.189s] -- Found ament_cmake: 1.3.10 (/opt/ros/humble/share/ament_cmake/cmake)
[0.275s] -- Found Python3: /usr/bin/python3 (found version "3.10.12") found components: Interpreter 
[0.325s] -- Found rclcpp: 16.0.10 (/opt/ros/humble/share/rclcpp/cmake)
[0.347s] -- Found rosidl_generator_c: 3.1.5 (/opt/ros/humble/share/rosidl_generator_c/cmake)
[0.349s] -- Found rosidl_adapter: 3.1.5 (/opt/ros/humble/share/rosidl_adapter/cmake)
[0.354s] -- Found rosidl_generator_cpp: 3.1.5 (/opt/ros/humble/share/rosidl_generator_cpp/cmake)
[0.361s] -- Using all available rosidl_typesupport_c: rosidl_typesupport_fastrtps_c;rosidl_typesupport_introspection_c
[0.369s] -- Using all available rosidl_typesupport_cpp: rosidl_typesupport_fastrtps_cpp;rosidl_typesupport_introspection_cpp
[0.392s] -- Found rmw_implementation_cmake: 6.1.2 (/opt/ros/humble/share/rmw_implementation_cmake/cmake)
[0.394s] -- Found rmw_fastrtps_cpp: 6.2.7 (/opt/ros/humble/share/rmw_fastrtps_cpp/cmake)
[0.446s] -- Found OpenSSL: /usr/lib/x86_64-linux-gnu/libcrypto.so (found version "3.0.2")  
[0.458s] -- Found FastRTPS: /opt/ros/humble/include  
[0.479s] -- Using RMW implementation 'rmw_fastrtps_cpp' as default
[0.484s] -- Looking for pthread.h
[0.527s] -- Looking for pthread.h - found
[0.527s] -- Performing Test CMAKE_HAVE_LIBC_PTHREAD
[0.568s] -- Performing Test CMAKE_HAVE_LIBC_PTHREAD - Success
[0.569s] -- Found Threads: TRUE  
[0.597s] -- Found geometry_msgs: 4.2.4 (/opt/ros/humble/share/geometry_msgs/cmake)
[0.607s] -- Found ament_lint_auto: 0.12.11 (/opt/ros/humble/share/ament_lint_auto/cmake)
[0.652s] -- Added test 'cppcheck' to perform static code analysis on C / C++ code
[0.652s] -- Configured cppcheck include dirs: 
[0.652s] -- Configured cppcheck exclude dirs and/or files: 
[0.652s] -- Added test 'lint_cmake' to check CMake code style
[0.653s] -- Added test 'uncrustify' to check C / C++ code style
[0.653s] -- Configured uncrustify additional arguments: 
[0.653s] -- Added test 'xmllint' to check XML markup files
[0.654s] -- Configuring done
[0.659s] -- Generating done
[0.660s] -- Build files have been written to: /home/ak/ros2_ws/build/turtle_shapes
[0.667s] Invoked command in '/home/ak/ros2_ws/build/turtle_shapes' returned '0': CMAKE_PREFIX_PATH=${CMAKE_PREFIX_PATH}:/opt/ros/humble /usr/bin/cmake /home/ak/ros2_ws/turtle_shapes -DCMAKE_INSTALL_PREFIX=/home/ak/ros2_ws/install/turtle_shapes
[0.668s] Invoking command in '/home/ak/ros2_ws/build/turtle_shapes': CMAKE_PREFIX_PATH=${CMAKE_PREFIX_PATH}:/opt/ros/humble /usr/bin/cmake --build /home/ak/ros2_ws/build/turtle_shapes -- -j4 -l4
[0.695s] [ 50%] [32mBuilding CXX object CMakeFiles/turtle_shapes_node.dir/src/turtle_shapes_node.cpp.o[0m
[3.334s] [100%] [32m[1mLinking CXX executable turtle_shapes_node[0m
[3.442s] [100%] Built target turtle_shapes_node
[3.450s] Invoked command in '/home/ak/ros2_ws/build/turtle_shapes' returned '0': CMAKE_PREFIX_PATH=${CMAKE_PREFIX_PATH}:/opt/ros/humble /usr/bin/cmake --build /home/ak/ros2_ws/build/turtle_shapes -- -j4 -l4
[3.475s] Invoking command in '/home/ak/ros2_ws/build/turtle_shapes': CMAKE_PREFIX_PATH=${CMAKE_PREFIX_PATH}:/opt/ros/humble /usr/bin/cmake --install /home/ak/ros2_ws/build/turtle_shapes
[3.479s] -- Install configuration: ""
[3.479s] -- Installing: /home/ak/ros2_ws/install/turtle_shapes/lib/turtle_shapes/turtle_shapes_node
[3.480s] -- Set runtime path of "/home/ak/ros2_ws/install/turtle_shapes/lib/turtle_shapes/turtle_shapes_node" to ""
[3.480s] -- Installing: /home/ak/ros2_ws/install/turtle_shapes/share/ament_index/resource_index/package_run_dependencies/turtle_shapes
[3.480s] -- Installing: /home/ak/ros2_ws/install/turtle_shapes/share/ament_index/resource_index/parent_prefix_path/turtle_shapes
[3.480s] -- Installing: /home/ak/ros2_ws/install/turtle_shapes/share/turtle_shapes/environment/ament_prefix_path.sh
[3.480s] -- Installing: /home/ak/ros2_ws/install/turtle_shapes/share/turtle_shapes/environment/ament_prefix_path.dsv
[3.481s] -- Installing: /home/ak/ros2_ws/install/turtle_shapes/share/turtle_shapes/environment/path.sh
[3.481s] -- Installing: /home/ak/ros2_ws/install/turtle_shapes/share/turtle_shapes/environment/path.dsv
[3.481s] -- Installing: /home/ak/ros2_ws/install/turtle_shapes/share/turtle_shapes/local_setup.bash
[3.481s] -- Installing: /home/ak/ros2_ws/install/turtle_shapes/share/turtle_shapes/local_setup.sh
[3.481s] -- Installing: /home/ak/ros2_ws/install/turtle_shapes/share/turtle_shapes/local_setup.zsh
[3.481s] -- Installing: /home/ak/ros2_ws/install/turtle_shapes/share/turtle_shapes/local_setup.dsv
[3.481s] -- Installing: /home/ak/ros2_ws/install/turtle_shapes/share/turtle_shapes/package.dsv
[3.481s] -- Installing: /home/ak/ros2_ws/install/turtle_shapes/share/ament_index/resource_index/packages/turtle_shapes
[3.481s] -- Installing: /home/ak/ros2_ws/install/turtle_shapes/share/turtle_shapes/cmake/turtle_shapesConfig.cmake
[3.481s] -- Installing: /home/ak/ros2_ws/install/turtle_shapes/share/turtle_shapes/cmake/turtle_shapesConfig-version.cmake
[3.481s] -- Installing: /home/ak/ros2_ws/install/turtle_shapes/share/turtle_shapes/package.xml
[3.483s] Invoked command in '/home/ak/ros2_ws/build/turtle_shapes' returned '0': CMAKE_PREFIX_PATH=${CMAKE_PREFIX_PATH}:/opt/ros/humble /usr/bin/cmake --install /home/ak/ros2_ws/build/turtle_shapes
