[0.008s] Invoking command in '/home/ak/ros2_ws/build/turtle_shapes': CMAKE_PREFIX_PATH=/opt/ros/humble /usr/bin/cmake --build /home/ak/ros2_ws/build/turtle_shapes -- -j4 -l4
[0.105s] [100%] Built target turtle_shapes_node
[0.116s] Invoked command in '/home/ak/ros2_ws/build/turtle_shapes' returned '0': CMAKE_PREFIX_PATH=/opt/ros/humble /usr/bin/cmake --build /home/ak/ros2_ws/build/turtle_shapes -- -j4 -l4
[0.135s] Invoking command in '/home/ak/ros2_ws/build/turtle_shapes': CMAKE_PREFIX_PATH=/opt/ros/humble /usr/bin/cmake --install /home/ak/ros2_ws/build/turtle_shapes
[0.141s] -- Install configuration: ""
[0.142s] -- Up-to-date: /home/ak/ros2_ws/install/turtle_shapes/lib/turtle_shapes/turtle_shapes_node
[0.143s] -- Up-to-date: /home/ak/ros2_ws/install/turtle_shapes/share/ament_index/resource_index/package_run_dependencies/turtle_shapes
[0.143s] -- Up-to-date: /home/ak/ros2_ws/install/turtle_shapes/share/ament_index/resource_index/parent_prefix_path/turtle_shapes
[0.143s] -- Up-to-date: /home/ak/ros2_ws/install/turtle_shapes/share/turtle_shapes/environment/ament_prefix_path.sh
[0.143s] -- Up-to-date: /home/ak/ros2_ws/install/turtle_shapes/share/turtle_shapes/environment/ament_prefix_path.dsv
[0.143s] -- Up-to-date: /home/ak/ros2_ws/install/turtle_shapes/share/turtle_shapes/environment/path.sh
[0.143s] -- Up-to-date: /home/ak/ros2_ws/install/turtle_shapes/share/turtle_shapes/environment/path.dsv
[0.143s] -- Up-to-date: /home/ak/ros2_ws/install/turtle_shapes/share/turtle_shapes/local_setup.bash
[0.143s] -- Up-to-date: /home/ak/ros2_ws/install/turtle_shapes/share/turtle_shapes/local_setup.sh
[0.143s] -- Up-to-date: /home/ak/ros2_ws/install/turtle_shapes/share/turtle_shapes/local_setup.zsh
[0.143s] -- Up-to-date: /home/ak/ros2_ws/install/turtle_shapes/share/turtle_shapes/local_setup.dsv
[0.143s] -- Installing: /home/ak/ros2_ws/install/turtle_shapes/share/turtle_shapes/package.dsv
[0.143s] -- Up-to-date: /home/ak/ros2_ws/install/turtle_shapes/share/ament_index/resource_index/packages/turtle_shapes
[0.143s] -- Up-to-date: /home/ak/ros2_ws/install/turtle_shapes/share/turtle_shapes/cmake/turtle_shapesConfig.cmake
[0.143s] -- Up-to-date: /home/ak/ros2_ws/install/turtle_shapes/share/turtle_shapes/cmake/turtle_shapesConfig-version.cmake
[0.143s] -- Up-to-date: /home/ak/ros2_ws/install/turtle_shapes/share/turtle_shapes/package.xml
[0.145s] Invoked command in '/home/ak/ros2_ws/build/turtle_shapes' returned '0': CMAKE_PREFIX_PATH=/opt/ros/humble /usr/bin/cmake --install /home/ak/ros2_ws/build/turtle_shapes
