[0.007s] Invoking command in '/home/ak/ros2_ws/build/turtle_shapes': CMAKE_PREFIX_PATH=${CMAKE_PREFIX_PATH}:/opt/ros/humble /usr/bin/cmake --build /home/ak/ros2_ws/build/turtle_shapes -- -j4 -l4
[0.032s] [35m[1mConsolidate compiler generated dependencies of target turtle_shapes_node[0m
[0.044s] [ 50%] [32mBuilding CXX object CMakeFiles/turtle_shapes_node.dir/src/turtle_shapes_node.cpp.o[0m
[2.716s] [100%] [32m[1mLinking CXX executable turtle_shapes_node[0m
[2.831s] [100%] Built target turtle_shapes_node
[2.839s] Invoked command in '/home/ak/ros2_ws/build/turtle_shapes' returned '0': CMAKE_PREFIX_PATH=${CMAKE_PREFIX_PATH}:/opt/ros/humble /usr/bin/cmake --build /home/ak/ros2_ws/build/turtle_shapes -- -j4 -l4
[2.862s] Invoking command in '/home/ak/ros2_ws/build/turtle_shapes': CMAKE_PREFIX_PATH=${CMAKE_PREFIX_PATH}:/opt/ros/humble /usr/bin/cmake --install /home/ak/ros2_ws/build/turtle_shapes
[2.866s] -- Install configuration: ""
[2.866s] -- Installing: /home/ak/ros2_ws/install/turtle_shapes/lib/turtle_shapes/turtle_shapes_node
[2.867s] -- Set runtime path of "/home/ak/ros2_ws/install/turtle_shapes/lib/turtle_shapes/turtle_shapes_node" to ""
[2.868s] -- Up-to-date: /home/ak/ros2_ws/install/turtle_shapes/share/ament_index/resource_index/package_run_dependencies/turtle_shapes
[2.868s] -- Up-to-date: /home/ak/ros2_ws/install/turtle_shapes/share/ament_index/resource_index/parent_prefix_path/turtle_shapes
[2.869s] -- Up-to-date: /home/ak/ros2_ws/install/turtle_shapes/share/turtle_shapes/environment/ament_prefix_path.sh
[2.869s] -- Up-to-date: /home/ak/ros2_ws/install/turtle_shapes/share/turtle_shapes/environment/ament_prefix_path.dsv
[2.869s] -- Up-to-date: /home/ak/ros2_ws/install/turtle_shapes/share/turtle_shapes/environment/path.sh
[2.869s] -- Up-to-date: /home/ak/ros2_ws/install/turtle_shapes/share/turtle_shapes/environment/path.dsv
[2.870s] -- Up-to-date: /home/ak/ros2_ws/install/turtle_shapes/share/turtle_shapes/local_setup.bash
[2.870s] -- Up-to-date: /home/ak/ros2_ws/install/turtle_shapes/share/turtle_shapes/local_setup.sh
[2.870s] -- Up-to-date: /home/ak/ros2_ws/install/turtle_shapes/share/turtle_shapes/local_setup.zsh
[2.870s] -- Up-to-date: /home/ak/ros2_ws/install/turtle_shapes/share/turtle_shapes/local_setup.dsv
[2.870s] -- Installing: /home/ak/ros2_ws/install/turtle_shapes/share/turtle_shapes/package.dsv
[2.870s] -- Up-to-date: /home/ak/ros2_ws/install/turtle_shapes/share/ament_index/resource_index/packages/turtle_shapes
[2.870s] -- Up-to-date: /home/ak/ros2_ws/install/turtle_shapes/share/turtle_shapes/cmake/turtle_shapesConfig.cmake
[2.870s] -- Up-to-date: /home/ak/ros2_ws/install/turtle_shapes/share/turtle_shapes/cmake/turtle_shapesConfig-version.cmake
[2.870s] -- Up-to-date: /home/ak/ros2_ws/install/turtle_shapes/share/turtle_shapes/package.xml
[2.870s] Invoked command in '/home/ak/ros2_ws/build/turtle_shapes' returned '0': CMAKE_PREFIX_PATH=${CMAKE_PREFIX_PATH}:/opt/ros/humble /usr/bin/cmake --install /home/ak/ros2_ws/build/turtle_shapes
