[0.006s] Invoking command in '/home/ak/ros2_ws/build/square_turtle': CMAKE_PREFIX_PATH=/opt/ros/humble /usr/bin/cmake /home/ak/ros2_ws/src/square_turtle -DCMAKE_INSTALL_PREFIX=/home/ak/ros2_ws/install/square_turtle
[0.123s] -- The C compiler identification is GNU 11.4.0
[0.197s] -- The CXX compiler identification is GNU 11.4.0
[0.210s] -- Detecting C compiler ABI info
[0.263s] -- Detecting C compiler ABI info - done
[0.268s] -- Check for working C compiler: /usr/bin/cc - skipped
[0.268s] -- Detecting C compile features
[0.269s] -- Detecting C compile features - done
[0.274s] -- Detecting CXX compiler ABI info
[0.328s] -- Detecting CXX compiler ABI info - done
[0.330s] -- Check for working CXX compiler: /usr/bin/c++ - skipped
[0.330s] -- Detecting CXX compile features
[0.331s] -- Detecting CXX compile features - done
[0.340s] -- Found ament_cmake: 1.3.10 (/opt/ros/humble/share/ament_cmake/cmake)
[0.437s] -- Found Python3: /usr/bin/python3 (found version "3.10.12") found components: Interpreter 
[0.521s] -- Found rclcpp: 16.0.10 (/opt/ros/humble/share/rclcpp/cmake)
[0.565s] -- Found rosidl_generator_c: 3.1.5 (/opt/ros/humble/share/rosidl_generator_c/cmake)
[0.572s] -- Found rosidl_adapter: 3.1.5 (/opt/ros/humble/share/rosidl_adapter/cmake)
[0.580s] -- Found rosidl_generator_cpp: 3.1.5 (/opt/ros/humble/share/rosidl_generator_cpp/cmake)
[0.596s] -- Using all available rosidl_typesupport_c: rosidl_typesupport_fastrtps_c;rosidl_typesupport_introspection_c
[0.612s] -- Using all available rosidl_typesupport_cpp: rosidl_typesupport_fastrtps_cpp;rosidl_typesupport_introspection_cpp
[0.659s] -- Found rmw_implementation_cmake: 6.1.2 (/opt/ros/humble/share/rmw_implementation_cmake/cmake)
[0.662s] -- Found rmw_fastrtps_cpp: 6.2.7 (/opt/ros/humble/share/rmw_fastrtps_cpp/cmake)
[0.726s] -- Found OpenSSL: /usr/lib/x86_64-linux-gnu/libcrypto.so (found version "3.0.2")  
[0.744s] -- Found FastRTPS: /opt/ros/humble/include  
[0.766s] -- Using RMW implementation 'rmw_fastrtps_cpp' as default
[0.776s] -- Looking for pthread.h
[0.824s] -- Looking for pthread.h - found
[0.824s] -- Performing Test CMAKE_HAVE_LIBC_PTHREAD
[0.867s] -- Performing Test CMAKE_HAVE_LIBC_PTHREAD - Success
[0.867s] -- Found Threads: TRUE  
[0.926s] -- Found geometry_msgs: 4.2.4 (/opt/ros/humble/share/geometry_msgs/cmake)
[0.942s] -- Found ament_lint_auto: 0.12.11 (/opt/ros/humble/share/ament_lint_auto/cmake)
[0.999s] -- Added test 'cppcheck' to perform static code analysis on C / C++ code
[1.000s] -- Configured cppcheck include dirs: 
[1.000s] -- Configured cppcheck exclude dirs and/or files: 
[1.002s] -- Added test 'lint_cmake' to check CMake code style
[1.003s] -- Added test 'uncrustify' to check C / C++ code style
[1.003s] -- Configured uncrustify additional arguments: 
[1.004s] -- Added test 'xmllint' to check XML markup files
[1.006s] -- Configuring done
[1.010s] -- Generating done
[1.011s] -- Build files have been written to: /home/ak/ros2_ws/build/square_turtle
[1.020s] Invoked command in '/home/ak/ros2_ws/build/square_turtle' returned '0': CMAKE_PREFIX_PATH=/opt/ros/humble /usr/bin/cmake /home/ak/ros2_ws/src/square_turtle -DCMAKE_INSTALL_PREFIX=/home/ak/ros2_ws/install/square_turtle
[1.020s] Invoking command in '/home/ak/ros2_ws/build/square_turtle': CMAKE_PREFIX_PATH=/opt/ros/humble /usr/bin/cmake --build /home/ak/ros2_ws/build/square_turtle -- -j4 -l4
[1.049s] [ 50%] [32mBuilding CXX object CMakeFiles/square_node.dir/src/square.cpp.o[0m
[4.160s] [100%] [32m[1mLinking CXX executable square_node[0m
[4.324s] [100%] Built target square_node
[4.342s] Invoked command in '/home/ak/ros2_ws/build/square_turtle' returned '0': CMAKE_PREFIX_PATH=/opt/ros/humble /usr/bin/cmake --build /home/ak/ros2_ws/build/square_turtle -- -j4 -l4
[4.364s] Invoking command in '/home/ak/ros2_ws/build/square_turtle': CMAKE_PREFIX_PATH=/opt/ros/humble /usr/bin/cmake --install /home/ak/ros2_ws/build/square_turtle
[4.372s] -- Install configuration: ""
[4.372s] -- Installing: /home/ak/ros2_ws/install/square_turtle/lib/square_turtle/square_node
[4.376s] -- Set runtime path of "/home/ak/ros2_ws/install/square_turtle/lib/square_turtle/square_node" to ""
[4.376s] -- Installing: /home/ak/ros2_ws/install/square_turtle/share/ament_index/resource_index/package_run_dependencies/square_turtle
[4.376s] -- Installing: /home/ak/ros2_ws/install/square_turtle/share/ament_index/resource_index/parent_prefix_path/square_turtle
[4.376s] -- Installing: /home/ak/ros2_ws/install/square_turtle/share/square_turtle/environment/ament_prefix_path.sh
[4.376s] -- Installing: /home/ak/ros2_ws/install/square_turtle/share/square_turtle/environment/ament_prefix_path.dsv
[4.376s] -- Installing: /home/ak/ros2_ws/install/square_turtle/share/square_turtle/environment/path.sh
[4.376s] -- Installing: /home/ak/ros2_ws/install/square_turtle/share/square_turtle/environment/path.dsv
[4.376s] -- Installing: /home/ak/ros2_ws/install/square_turtle/share/square_turtle/local_setup.bash
[4.376s] -- Installing: /home/ak/ros2_ws/install/square_turtle/share/square_turtle/local_setup.sh
[4.376s] -- Installing: /home/ak/ros2_ws/install/square_turtle/share/square_turtle/local_setup.zsh
[4.376s] -- Installing: /home/ak/ros2_ws/install/square_turtle/share/square_turtle/local_setup.dsv
[4.376s] -- Installing: /home/ak/ros2_ws/install/square_turtle/share/square_turtle/package.dsv
[4.376s] -- Installing: /home/ak/ros2_ws/install/square_turtle/share/ament_index/resource_index/packages/square_turtle
[4.376s] -- Installing: /home/ak/ros2_ws/install/square_turtle/share/square_turtle/cmake/square_turtleConfig.cmake
[4.376s] -- Installing: /home/ak/ros2_ws/install/square_turtle/share/square_turtle/cmake/square_turtleConfig-version.cmake
[4.376s] -- Installing: /home/ak/ros2_ws/install/square_turtle/share/square_turtle/package.xml
[4.393s] Invoked command in '/home/ak/ros2_ws/build/square_turtle' returned '0': CMAKE_PREFIX_PATH=/opt/ros/humble /usr/bin/cmake --install /home/ak/ros2_ws/build/square_turtle
