[0.006s] Invoking command in '/home/ak/ros2_ws/build/turtle_shapes': CMAKE_PREFIX_PATH=${CMAKE_PREFIX_PATH}:/opt/ros/humble /usr/bin/cmake --build /home/ak/ros2_ws/build/turtle_shapes -- -j4 -l4
[0.045s] [100%] Built target turtle_shapes_node
[0.053s] Invoked command in '/home/ak/ros2_ws/build/turtle_shapes' returned '0': CMAKE_PREFIX_PATH=${CMAKE_PREFIX_PATH}:/opt/ros/humble /usr/bin/cmake --build /home/ak/ros2_ws/build/turtle_shapes -- -j4 -l4
[0.075s] Invoking command in '/home/ak/ros2_ws/build/turtle_shapes': CMAKE_PREFIX_PATH=${CMAKE_PREFIX_PATH}:/opt/ros/humble /usr/bin/cmake --install /home/ak/ros2_ws/build/turtle_shapes
[0.079s] -- Install configuration: ""
[0.079s] -- Up-to-date: /home/ak/ros2_ws/install/turtle_shapes/lib/turtle_shapes/turtle_shapes_node
[0.079s] -- Up-to-date: /home/ak/ros2_ws/install/turtle_shapes/share/ament_index/resource_index/package_run_dependencies/turtle_shapes
[0.080s] -- Up-to-date: /home/ak/ros2_ws/install/turtle_shapes/share/ament_index/resource_index/parent_prefix_path/turtle_shapes
[0.080s] -- Up-to-date: /home/ak/ros2_ws/install/turtle_shapes/share/turtle_shapes/environment/ament_prefix_path.sh
[0.080s] -- Up-to-date: /home/ak/ros2_ws/install/turtle_shapes/share/turtle_shapes/environment/ament_prefix_path.dsv
[0.080s] -- Up-to-date: /home/ak/ros2_ws/install/turtle_shapes/share/turtle_shapes/environment/path.sh
[0.081s] -- Up-to-date: /home/ak/ros2_ws/install/turtle_shapes/share/turtle_shapes/environment/path.dsv
[0.081s] -- Up-to-date: /home/ak/ros2_ws/install/turtle_shapes/share/turtle_shapes/local_setup.bash
[0.081s] -- Up-to-date: /home/ak/ros2_ws/install/turtle_shapes/share/turtle_shapes/local_setup.sh
[0.081s] -- Up-to-date: /home/ak/ros2_ws/install/turtle_shapes/share/turtle_shapes/local_setup.zsh
[0.081s] -- Up-to-date: /home/ak/ros2_ws/install/turtle_shapes/share/turtle_shapes/local_setup.dsv
[0.081s] -- Installing: /home/ak/ros2_ws/install/turtle_shapes/share/turtle_shapes/package.dsv
[0.081s] -- Up-to-date: /home/ak/ros2_ws/install/turtle_shapes/share/ament_index/resource_index/packages/turtle_shapes
[0.081s] -- Up-to-date: /home/ak/ros2_ws/install/turtle_shapes/share/turtle_shapes/cmake/turtle_shapesConfig.cmake
[0.081s] -- Up-to-date: /home/ak/ros2_ws/install/turtle_shapes/share/turtle_shapes/cmake/turtle_shapesConfig-version.cmake
[0.081s] -- Up-to-date: /home/ak/ros2_ws/install/turtle_shapes/share/turtle_shapes/package.xml
[0.082s] Invoked command in '/home/ak/ros2_ws/build/turtle_shapes' returned '0': CMAKE_PREFIX_PATH=${CMAKE_PREFIX_PATH}:/opt/ros/humble /usr/bin/cmake --install /home/ak/ros2_ws/build/turtle_shapes
